0 info it worked if it ends with ok
1 verbose cli [ '/usr/local/bin/node',
1 verbose cli   '/usr/local/bin/npm',
1 verbose cli   'install',
1 verbose cli   'ios-deploy' ]
2 info using npm@3.3.6
3 info using node@v5.0.0
4 silly loadCurrentTree Starting
5 silly install loadCurrentTree
6 silly install readLocalPackageData
7 silly fetchPackageMetaData ios-deploy
8 silly fetchNamedPackageData ios-deploy
9 silly mapToRegistry name ios-deploy
10 silly mapToRegistry using default registry
11 silly mapToRegistry registry https://registry.npmjs.org/
12 silly mapToRegistry uri https://registry.npmjs.org/ios-deploy
13 verbose request uri https://registry.npmjs.org/ios-deploy
14 verbose request no auth needed
15 info attempt registry request try #1 at 2:28:25 PM
16 verbose request id 7ab6a8c4d89478d8
17 verbose etag "3IX4O2OE32NR3B9J47NYJRHYU"
18 http request GET https://registry.npmjs.org/ios-deploy
19 http 304 https://registry.npmjs.org/ios-deploy
20 verbose headers { date: 'Sun, 07 Feb 2016 12:28:26 GMT',
20 verbose headers   via: '1.1 varnish',
20 verbose headers   'cache-control': 'max-age=300',
20 verbose headers   etag: '"3IX4O2OE32NR3B9J47NYJRHYU"',
20 verbose headers   age: '86',
20 verbose headers   connection: 'keep-alive',
20 verbose headers   'x-served-by': 'cache-lcy1126-LCY',
20 verbose headers   'x-cache': 'HIT',
20 verbose headers   'x-cache-hits': '3',
20 verbose headers   'x-timer': 'S1454848106.338917,VS0,VE0',
20 verbose headers   vary: 'Accept' }
21 silly get cb [ 304,
21 silly get   { date: 'Sun, 07 Feb 2016 12:28:26 GMT',
21 silly get     via: '1.1 varnish',
21 silly get     'cache-control': 'max-age=300',
21 silly get     etag: '"3IX4O2OE32NR3B9J47NYJRHYU"',
21 silly get     age: '86',
21 silly get     connection: 'keep-alive',
21 silly get     'x-served-by': 'cache-lcy1126-LCY',
21 silly get     'x-cache': 'HIT',
21 silly get     'x-cache-hits': '3',
21 silly get     'x-timer': 'S1454848106.338917,VS0,VE0',
21 silly get     vary: 'Accept' } ]
22 verbose etag https://registry.npmjs.org/ios-deploy from cache
23 verbose get saving ios-deploy to /Users/bmukorera/.npm/registry.npmjs.org/ios-deploy/.cache.json
24 silly install normalizeTree
25 silly loadCurrentTree Finishing
26 silly loadIdealTree Starting
27 silly install loadIdealTree
28 silly cloneCurrentTree Starting
29 silly install cloneCurrentTreeToIdealTree
30 silly cloneCurrentTree Finishing
31 silly loadShrinkwrap Starting
32 silly install loadShrinkwrap
33 silly loadShrinkwrap Finishing
34 silly loadAllDepsIntoIdealTree Starting
35 silly install loadAllDepsIntoIdealTree
36 silly resolveWithNewModule ios-deploy@1.8.5 checking installable status
37 silly cache add args [ 'ios-deploy', null ]
38 verbose cache add spec ios-deploy
39 silly cache add parsed spec Result {
39 silly cache add   raw: 'ios-deploy',
39 silly cache add   scope: null,
39 silly cache add   name: 'ios-deploy',
39 silly cache add   rawSpec: '',
39 silly cache add   spec: '*',
39 silly cache add   type: 'range' }
40 silly addNamed ios-deploy@*
41 verbose addNamed "*" is a valid semver range for ios-deploy
42 silly addNameRange { name: 'ios-deploy', range: '*', hasData: false }
43 silly mapToRegistry name ios-deploy
44 silly mapToRegistry using default registry
45 silly mapToRegistry registry https://registry.npmjs.org/
46 silly mapToRegistry uri https://registry.npmjs.org/ios-deploy
47 verbose addNameRange registry:https://registry.npmjs.org/ios-deploy not in flight; fetching
48 verbose get https://registry.npmjs.org/ios-deploy not expired, no request
49 silly addNameRange number 2 { name: 'ios-deploy', range: '*', hasData: true }
50 silly addNameRange versions [ 'ios-deploy',
50 silly addNameRange   [ '1.0.1',
50 silly addNameRange     '1.0.2',
50 silly addNameRange     '1.0.3',
50 silly addNameRange     '1.0.4',
50 silly addNameRange     '1.0.5',
50 silly addNameRange     '1.0.6',
50 silly addNameRange     '1.0.7',
50 silly addNameRange     '1.0.8',
50 silly addNameRange     '1.0.9',
50 silly addNameRange     '1.1.0',
50 silly addNameRange     '1.2.0',
50 silly addNameRange     '1.3.0',
50 silly addNameRange     '1.3.1',
50 silly addNameRange     '1.3.2',
50 silly addNameRange     '1.4.0',
50 silly addNameRange     '1.5.0',
50 silly addNameRange     '1.6.0',
50 silly addNameRange     '1.6.1',
50 silly addNameRange     '1.6.2',
50 silly addNameRange     '1.6.3',
50 silly addNameRange     '1.7.0',
50 silly addNameRange     '1.8.0',
50 silly addNameRange     '1.8.1',
50 silly addNameRange     '1.8.2',
50 silly addNameRange     '1.8.3',
50 silly addNameRange     '1.8.4',
50 silly addNameRange     '1.8.5' ] ]
51 silly addNamed ios-deploy@1.8.5
52 verbose addNamed "1.8.5" is a plain semver version for ios-deploy
53 silly cache afterAdd ios-deploy@1.8.5
54 verbose afterAdd /Users/bmukorera/.npm/ios-deploy/1.8.5/package/package.json not in flight; writing
55 verbose afterAdd /Users/bmukorera/.npm/ios-deploy/1.8.5/package/package.json written
56 silly loadAllDepsIntoIdealTree Finishing
57 silly idealTree:prePrune ionic-project@1.1.1
57 silly idealTree:prePrune `-- ios-deploy@1.8.5
58 silly loadIdealTree Finishing
59 silly currentTree ionic-project@1.1.1
60 silly idealTree ionic-project@1.1.1
60 silly idealTree `-- ios-deploy@1.8.5
61 silly generateActionsToTake Starting
62 silly install generateActionsToTake
63 silly generateActionsToTake Finishing
64 silly diffTrees action count 1
65 silly diffTrees add ios-deploy@1.8.5
66 silly decomposeActions action count 8
67 silly decomposeActions fetch ios-deploy@1.8.5
68 silly decomposeActions extract ios-deploy@1.8.5
69 silly decomposeActions preinstall ios-deploy@1.8.5
70 silly decomposeActions build ios-deploy@1.8.5
71 silly decomposeActions install ios-deploy@1.8.5
72 silly decomposeActions postinstall ios-deploy@1.8.5
73 silly decomposeActions test ios-deploy@1.8.5
74 silly decomposeActions finalize ios-deploy@1.8.5
75 silly executeActions Starting
76 silly install executeActions
77 silly doSerial global-install 0
78 silly doParallel fetch 1
79 verbose lock using /Users/bmukorera/.npm/_locks/staging-ad0b8ac8c61abf37.lock for /Users/bmukorera/Documents/code/sitmetapps/ionichymnbook/v2/anglicanHymnsV2/node_modules/.staging
80 silly doParallel extract 1
81 silly extract ios-deploy
82 verbose unbuild node_modules/.staging/ios-deploy-1fb7781ec4cdb3b424982377b80e0556
83 silly gentlyRm /Users/bmukorera/Documents/code/sitmetapps/ionichymnbook/v2/anglicanHymnsV2/node_modules/.staging/ios-deploy-1fb7781ec4cdb3b424982377b80e0556 is being purged from base /Users/bmukorera/Documents/code/sitmetapps/ionichymnbook/v2/anglicanHymnsV2
84 verbose gentlyRm don't care about contents; nuking /Users/bmukorera/Documents/code/sitmetapps/ionichymnbook/v2/anglicanHymnsV2/node_modules/.staging/ios-deploy-1fb7781ec4cdb3b424982377b80e0556
85 verbose tar unpack /Users/bmukorera/.npm/ios-deploy/1.8.5/package.tgz
86 verbose tar unpacking to /Users/bmukorera/Documents/code/sitmetapps/ionichymnbook/v2/anglicanHymnsV2/node_modules/.staging/ios-deploy-1fb7781ec4cdb3b424982377b80e0556
87 silly gentlyRm /Users/bmukorera/Documents/code/sitmetapps/ionichymnbook/v2/anglicanHymnsV2/node_modules/.staging/ios-deploy-1fb7781ec4cdb3b424982377b80e0556 is being purged
88 verbose gentlyRm don't care about contents; nuking /Users/bmukorera/Documents/code/sitmetapps/ionichymnbook/v2/anglicanHymnsV2/node_modules/.staging/ios-deploy-1fb7781ec4cdb3b424982377b80e0556
89 silly gunzTarPerm modes [ '755', '644' ]
90 silly gunzTarPerm extractEntry package.json
91 silly gunzTarPerm extractEntry .npmignore
92 silly gunzTarPerm extractEntry README.md
93 silly gunzTarPerm extractEntry LICENSE
94 silly gunzTarPerm extractEntry CONTRIBUTING.md
95 silly gunzTarPerm extractEntry demo/.npmignore
96 silly gunzTarPerm extractEntry demo/Entitlements.plist
97 silly gunzTarPerm extractEntry demo/Info.plist
98 silly gunzTarPerm extractEntry demo/Makefile
99 silly gunzTarPerm extractEntry demo/ResourceRules.plist
100 silly gunzTarPerm extractEntry demo/demo.c
101 silly gunzTarPerm extractEntry ios-deploy.xcodeproj/project.pbxproj
102 silly gunzTarPerm extractEntry ios-deploy.xcodeproj/xcshareddata/xcschemes/ios-deploy-tests.xcscheme
103 silly gunzTarPerm extractEntry src/ios-deploy/MobileDevice.h
104 silly gunzTarPerm extractEntry src/ios-deploy/errors.h
105 silly gunzTarPerm extractEntry src/ios-deploy/ios-deploy.m
106 silly gunzTarPerm extractEntry src/ios-deploy/lldb.py.h
107 silly gunzTarPerm extractEntry src/ios-deploy/version.h
108 silly gunzTarPerm extractEntry src/ios-deploy-lib/libios_deploy.h
109 silly gunzTarPerm extractEntry src/ios-deploy-lib/libios_deploy.m
110 silly gunzTarPerm extractEntry src/ios-deploy-tests/Info.plist
111 silly gunzTarPerm extractEntry src/ios-deploy-tests/ios_deploy_tests.m
112 silly gunzTarPerm extractEntry src/scripts/check_reqs.js
113 silly gunzTarPerm extractEntry src/scripts/lldb.py
114 silly gunzTarPerm extractEntry src/scripts/lldb.pyc
115 silly doParallel preinstall 1
116 silly preinstall ios-deploy /Users/bmukorera/Documents/code/sitmetapps/ionichymnbook/v2/anglicanHymnsV2/node_modules/.staging/ios-deploy-1fb7781ec4cdb3b424982377b80e0556
117 info lifecycle ios-deploy@1.8.5~preinstall: ios-deploy@1.8.5
118 warn lifecycle ios-deploy@1.8.5~preinstall: cannot run in wd %s %s (wd=%s) ios-deploy@1.8.5 ./src/scripts/check_reqs.js && xcodebuild /Users/bmukorera/Documents/code/sitmetapps/ionichymnbook/v2/anglicanHymnsV2/node_modules/.staging/ios-deploy-1fb7781ec4cdb3b424982377b80e0556
119 silly doReverseSerial remove 0
120 silly doSerial move 0
121 silly doSerial finalize 1
122 silly finalize /Users/bmukorera/Documents/code/sitmetapps/ionichymnbook/v2/anglicanHymnsV2/node_modules/ios-deploy
123 silly doSerial build 1
124 silly build ios-deploy
125 info linkStuff ios-deploy@1.8.5
126 silly linkStuff ios-deploy@1.8.5 has /Users/bmukorera/Documents/code/sitmetapps/ionichymnbook/v2/anglicanHymnsV2/node_modules as its parent node_modules
127 verbose linkBins ios-deploy@1.8.5
128 verbose link bins [ { 'ios-deploy': './build/Release/ios-deploy' },
128 verbose link bins   '/Users/bmukorera/Documents/code/sitmetapps/ionichymnbook/v2/anglicanHymnsV2/node_modules/.bin',
128 verbose link bins   false ]
129 verbose linkMans ios-deploy@1.8.5
130 verbose rebuildBundles ios-deploy@1.8.5
131 verbose unlock done using /Users/bmukorera/.npm/_locks/staging-ad0b8ac8c61abf37.lock for /Users/bmukorera/Documents/code/sitmetapps/ionichymnbook/v2/anglicanHymnsV2/node_modules/.staging
132 silly rollbackFailedOptional Starting
133 silly rollbackFailedOptional Finishing
134 silly runTopLevelLifecycles Starting
135 silly runTopLevelLifecycles Finishing
136 silly install printInstalled
137 warn EPACKAGEJSON ionic-project@1.1.1 No repository field.
138 warn EPACKAGEJSON ionic-project@1.1.1 No license field.
139 verbose stack Error: ENOENT: no such file or directory, chmod '/Users/bmukorera/Documents/code/sitmetapps/ionichymnbook/v2/anglicanHymnsV2/node_modules/ios-deploy/build/Release/ios-deploy'
139 verbose stack     at Error (native)
140 verbose cwd /Users/bmukorera/Documents/code/sitmetapps/ionichymnbook/v2/anglicanHymnsV2
141 error Darwin 15.2.0
142 error argv "/usr/local/bin/node" "/usr/local/bin/npm" "install" "ios-deploy"
143 error node v5.0.0
144 error npm  v3.3.6
145 error path /Users/bmukorera/Documents/code/sitmetapps/ionichymnbook/v2/anglicanHymnsV2/node_modules/ios-deploy/build/Release/ios-deploy
146 error code ENOENT
147 error errno -2
148 error syscall chmod
149 error enoent ENOENT: no such file or directory, chmod '/Users/bmukorera/Documents/code/sitmetapps/ionichymnbook/v2/anglicanHymnsV2/node_modules/ios-deploy/build/Release/ios-deploy'
149 error enoent This is most likely not a problem with npm itself
149 error enoent and is related to npm not being able to find a file.
150 verbose exit [ -2, true ]
